<?xml version="1.0" encoding="UTF-8"?>
<!-- Generated by org.testng.reporters.JUnitReportReporter -->
<testsuite skipped="0" hostname="LAPTOP-R0QNQ4T9" name="test1.Class1" tests="1" failures="0" timestamp="25 Jan 2022 16:18:44 GMT" time="0.031" errors="0">
  <testcase name="FirstTest" time="0.031" classname="test1.Class1"/>
</testsuite> <!-- test1.Class1 -->
