<?xml version="1.0" encoding="UTF-8"?>
<!-- Generated by org.testng.reporters.JUnitReportReporter -->
<testsuite skipped="0" hostname="LAPTOP-R0QNQ4T9" name="test1.Class1" tests="1" failures="0" timestamp="27 Jan 2022 11:06:14 GMT" time="0.008" errors="0">
  <testcase name="FirstTest" time="0.008" classname="test1.Class1"/>
</testsuite> <!-- test1.Class1 -->
